<?xml version="1.0"?>
<component name="org.nuxeo.ecm.core.lifecycle.test-dummy-lifecycle">
  <extension target="org.nuxeo.ecm.core.lifecycle.LifeCycleService" point="lifecycle">
    <lifecycle name="disableMe" />
  </extension>
</component>
