<?xml version="1.0"?>
<component name="org.nuxeo.ecm.core.api.test.secured-type.override">
  <require>org.nuxeo.ecm.core.api.test.secured-type</require>

  <extension target="org.nuxeo.ecm.core.schema.TypeService" point="schema">
    <property schema="secured" name="scalar" secured="false" />
  </extension>

</component>
