<component name="org.nuxeo.automation.test-operation-disable" version="1.0">
  <require>org.nuxeo.automation.test-operation</require>
  <extension target="org.nuxeo.ecm.core.operation.OperationServiceComponent"
    point="event-handlers">
    <handler id="test" enabled="false">
      <event>aboutToCreate</event>
    </handler>
  </extension>

</component>
