<component name="org.nuxeo.automation.test-handler-override-1" version="1.0">
  <extension target="org.nuxeo.ecm.core.operation.OperationServiceComponent"
    point="event-handlers">
    <handler chainId="testOp">
      <event>aboutToCreate</event>
    </handler>
  </extension>
</component>
