<?xml version="1.0"?>
<component name="org.nuxeo.ecm.platform.types.disable.subtype.test">

  <require>org.nuxeo.io.test.doctypes</require>

  <extension target="org.nuxeo.ecm.core.schema.TypeService" point="doctype">

    <doctype name="DisabledFile" extends="File" enabled="false">
    </doctype>

    <doctype name="MyFolder" extends="Document">
      <facet name="Folderish"/>
      <subtypes>
        <type>File</type>
        <type>CSDoc</type>
        <type>RefDoc</type>
        <type>DisabledFile</type>
      </subtypes>
    </doctype>

  </extension>

</component>
