<?xml version="1.0"?>
<component name="org.nuxeo.ecm.blob.s3.test.subdirs" version="1.0.0">
  <require>org.nuxeo.ecm.blob.s3.test</require>

  <extension target="org.nuxeo.ecm.core.blob.BlobManager" point="configuration">
    <blobprovider name="test">
      <property name="subDirsDepth">2</property>
    </blobprovider>
    <blobprovider name="other">
      <property name="subDirsDepth">3</property>
    </blobprovider>
  </extension>
</component>
