<?xml version="1.0"?>
<component name="org.nuxeo.ecm.core.tests.doctype.disable">
  <extension target="org.nuxeo.ecm.core.schema.TypeService" point="doctype">
    <doctype name="disabledDoctype"/>
  </extension>
</component>
