<component name="org.nuxeo.ecm.automation.test-scripted-operation-disable" version="1.0">
  <require>org.nuxeo.ecm.automation.test-scripted-operation</require>
  <extension target="org.nuxeo.automation.scripting.internals.AutomationScriptingComponent" point="operation">
    <scriptedOperation id="testScript" enabled="false"/>
  </extension>
</component>
