<component name="org.nuxeo.ecm.automation.test-mix-operationType" version="1.0">
  <extension target="org.nuxeo.ecm.core.operation.OperationServiceComponent" point="chains">
    <chain id="Auth.Logout" enabled="false" />
  </extension>
</component>
