<component name="org.nuxeo.ecm.automation.test-chain-operation" version="1.0">
  <extension target="org.nuxeo.ecm.core.operation.OperationServiceComponent" point="chains">
    <chain id="testScript" enabled="false" />
  </extension>
</component>
