<?xml version="1.0"?>
<component name="org.nuxeo.ecm.platform.content.template.service.ContentTemplateService.dummy-contrib-disable">
  <require>org.nuxeo.ecm.platform.content.template.service.ContentTemplateService.dummy-contrib</require>
  <extension target="org.nuxeo.ecm.platform.content.template.service.ContentTemplateService"
    point="factoryBinding">
    <factoryBinding name="WorkspaceFactory" factoryName="SimpleTemplateFactory" targetType="chocolat"
      enabled="false" />
  </extension>
</component>
